/entities/experimental/75303889872592/details
/entities/75303889872592/constraints/entities?
/entities/75303889872592/cost
/entities/75303889872592/policies
/entities/75303889872592/tags?
/entities/75303889872592/tags
/groups/{group_Uuid}/settings/{settingsManager_Uuid}/{setting_Uuid}/settingspolicies/{settingsPolicy_Uuid}/entities
/scenarios/{scenario_Uuid}/entities/75303889872592?
/scenarios/{scenario_Uuid}/entities/75303889872592?
/templates/{template_Uuid}/entities
/entities/query
/entities/query/count
/entities/query/fields
/businessunits/{businessUnit_Uuid}/entities?
/entities
/entities/75303889872592?
/entities/75303889872592/actions?
/entities/75303889872592/actions?
/entities/75303889872592/actions/stats
/entities/75303889872592/actions/{action_Uuid}?
/entities/75303889872592/aspects
{"virtualMachineAspect":{"os":"Red Hat Enterprise Linux 9 (64-bit)","ip":["10.188.174.41"],"connectedNetworks":[{"displayName":"turbo-wdc06-private"}],"numVCPUs":1,"coresPerSocketRatio":1,"vendorToolsVersion":"12325","creationTimeStamp":0,"hardwareVersion":"19","type":"VMEntityAspectApiDTO"},"virtualDisksAspect":{"virtualDisks":[{"uuid":"75303889872560","displayName":"ndf-target1 Configuration","stats":[{"name":"StorageAmount","capacity":{"max":0.0,"min":0.0,"avg":0.0,"total":0.0},"filters":[{"type":"key","value":"ndf-target1 Configuration","displayName":null},{"type":"relation","value":"bought","displayName":null}],"units":"MB","values":{"max":5116.508,"min":5116.508,"avg":5116.508,"total":5116.508},"value":5116.508},{"name":"StorageAccess","capacity":{"max":0.0,"min":0.0,"avg":0.0,"total":0.0},"filters":[{"type":"key","value":"ndf-target1 Configuration","displayName":null},{"type":"relation","value":"bought","displayName":null}],"units":"IOPS","values":{"max":0.012500005,"min":0.012500005,"avg":0.012500005,"total":0.012500005},"value":0.012500005},{"name":"IOThroughput","capacity":{"max":0.0,"min":0.0,"avg":0.0,"total":0.0},"filters":[{"type":"key","value":"ndf-target1 Configuration","displayName":null},{"type":"relation","value":"bought","displayName":null}],"units":"KByte/sec","values":{"max":0.0,"min":0.0,"avg":0.0,"total":0.0},"value":0.0},{"name":"StorageAccess","capacity":{"max":0.0,"min":0.0,"avg":0.0,"total":0.0},"filters":[{"type":"key","value":"ndf-target1 Configuration","displayName":null},{"type":"relation","value":"bought","displayName":null},{"type":"resultsType","value":"beforePlan","displayName":null}],"units":"IOPS","values":{"max":0.0,"min":0.0,"avg":0.0,"total":0.0},"value":0.0},{"name":"StorageAmount","capacity":{"max":5116.508,"min":5116.508,"avg":5116.508,"total":5116.508},"filters":[{"type":"key","value":"ndf-target1 Configuration","displayName":null},{"type":"relation","value":"bought","displayName":null},{"type":"resultsType","value":"beforePlan","displayName":null}],"units":"MB","values":{"max":5116.508,"min":5116.508,"avg":5116.508,"total":5116.508},"value":5116.508}],"attachedVirtualMachine":{"uuid":"75303889872592","displayName":"ndf-target1","className":"VirtualMachine"},"environmentType":"ONPREM","lastModified":0,"attachmentState":"ATTACHED","creationTimeStamp":0},{"uuid":"75303889872561","displayName":"ndf-target1 Disk 1","stats":[{"name":"StorageAmount","capacity":{"max":0.0,"min":0.0,"avg":0.0,"total":0.0},"filters":[{"type":"key","value":"ndf-target1 Disk 1","displayName":null},{"type":"relation","value":"bought","displayName":null}],"units":"MB","values":{"max":5116.508,"min":5116.508,"avg":5116.508,"total":5116.508},"value":5116.508},{"name":"StorageAccess","capacity":{"max":0.0,"min":0.0,"avg":0.0,"total":0.0},"filters":[{"type":"key","value":"ndf-target1 Disk 1","displayName":null},{"type":"relation","value":"bought","displayName":null}],"units":"IOPS","values":{"max":0.012500005,"min":0.012500005,"avg":0.012500005,"total":0.012500005},"value":0.012500005},{"name":"IOThroughput","capacity":{"max":0.0,"min":0.0,"avg":0.0,"total":0.0},"filters":[{"type":"key","value":"ndf-target1 Disk 1","displayName":null},{"type":"relation","value":"bought","displayName":null}],"units":"KByte/sec","values":{"max":0.0,"min":0.0,"avg":0.0,"total":0.0},"value":0.0},{"name":"StorageAccess","capacity":{"max":0.0,"min":0.0,"avg":0.0,"total":0.0},"filters":[{"type":"key","value":"ndf-target1 Disk 1","displayName":null},{"type":"relation","value":"bought","displayName":null},{"type":"resultsType","value":"beforePlan","displayName":null}],"units":"IOPS","values":{"max":0.0,"min":0.0,"avg":0.0,"total":0.0},"value":0.0},{"name":"StorageAmount","capacity":{"max":5116.508,"min":5116.508,"avg":5116.508,"total":5116.508},"filters":[{"type":"key","value":"ndf-target1 Disk 1","displayName":null},{"type":"relation","value":"bought","displayName":null},{"type":"resultsType","value":"beforePlan","displayName":null}],"units":"MB","values":{"max":5116.508,"min":5116.508,"avg":5116.508,"total":5116.508},"value":5116.508}],"attachedVirtualMachine":{"uuid":"75303889872592","displayName":"ndf-target1","className":"VirtualMachine"},"environmentType":"ONPREM","lastModified":0,"attachmentState":"ATTACHED","creationTimeStamp":0}],"type":"VirtualDisksAspectApiDTO"}}
/entities/75303889872592/aspects/{aspect_name}
/entities/75303889872592/constraints
/entities/75303889872592/groups?
/entities/75303889872592/settings?
/entities/75303889872592/settings/{settingsManager_Uuid}
/entities/75303889872592/settings/{settingsManager_Uuid}/{setting_Uuid}
/entities/75303889872592/settingspolicies
/entities/75303889872592/stats?
/entities/75303889872592/stats
/entities/75303889872592/supplychains?
/entities/75303889872592/tags
/groups/{group_Uuid}/entities?
/markets/{market_Uuid}/entities?
/markets/{market_Uuid}/entities/stats?
/markets/{market_Uuid}/entities/75303889872592/settings
/markets/{market_Uuid}/groups/{group_Uuid}/entities/stats?
/markets/{market_Uuid}/unplacedentities
/parking/entities?
/schedules/timespans/{timeSpanSchedule_Uuid}/entities
/schedules/timespans/{timeSpanSchedule_Uuid}/entities
/schedules/timespans/{timeSpanSchedule_Uuid}/entities
/schedules/timespans/{timeSpanSchedule_Uuid}/entities
/tags/entities?
/tags/{key}/entities?
/targets/{target_Uuid}/entities?
